<?xml version="1.0" encoding="UTF-8"?>
<!-- Generated by org.testng.reporters.JUnitReportReporter -->
<testsuite skipped="0" hostname="WIN-DDVK8I1B2BL" name="com.MedPlus.TestCases.TC_LocateStore_001" tests="1" failures="0" timestamp="16 Nov 2019 07:58:16 GMT" time="22.452" errors="0">
  <testcase name="storeTest" time="22.452" classname="com.MedPlus.TestCases.TC_LocateStore_001"/>
</testsuite> <!-- com.MedPlus.TestCases.TC_LocateStore_001 -->
