<?xml version="1.0" encoding="UTF-8"?>
<!-- Generated by org.testng.reporters.JUnitReportReporter -->
<testsuite skipped="0" hostname="WIN-DDVK8I1B2BL" name="com.MedPlus.TestCases.TC_LocateMe_001" tests="1" failures="0" timestamp="16 Nov 2019 09:11:52 GMT" time="29.614" errors="0">
  <testcase name="Locate" time="29.614" classname="com.MedPlus.TestCases.TC_LocateMe_001"/>
</testsuite> <!-- com.MedPlus.TestCases.TC_LocateMe_001 -->
