<?xml version="1.0" encoding="UTF-8"?>
<!-- Generated by org.testng.reporters.JUnitReportReporter -->
<testsuite skipped="0" hostname="WIN-DDVK8I1B2BL" name="com.MedPlus.TestCases.TC_CountLinks_001" tests="1" failures="0" timestamp="16 Nov 2019 06:56:58 GMT" time="11.394" errors="0">
  <testcase name="links" time="11.394" classname="com.MedPlus.TestCases.TC_CountLinks_001"/>
</testsuite> <!-- com.MedPlus.TestCases.TC_CountLinks_001 -->
