<?xml version="1.0" encoding="UTF-8"?>
<!-- Generated by org.testng.reporters.JUnitReportReporter -->
<testsuite skipped="0" hostname="WIN-DDVK8I1B2BL" name="com.MedPlus.TestCases.TC_pharmacyDDT_003" tests="1" failures="0" timestamp="16 Nov 2019 09:27:41 GMT" time="47.605" errors="0">
  <testcase name="pharmacy1" time="47.605" classname="com.MedPlus.TestCases.TC_pharmacyDDT_003"/>
</testsuite> <!-- com.MedPlus.TestCases.TC_pharmacyDDT_003 -->
