<?xml version="1.0" encoding="UTF-8"?>
<!-- Generated by org.testng.reporters.JUnitReportReporter -->
<testsuite skipped="0" hostname="WIN-DDVK8I1B2BL" name="com.MedPlus.TestCases.TC_Redeem_Reward" tests="1" failures="0" timestamp="16 Nov 2019 09:27:41 GMT" time="49.164" errors="0">
  <testcase name="red" time="49.164" classname="com.MedPlus.TestCases.TC_Redeem_Reward"/>
</testsuite> <!-- com.MedPlus.TestCases.TC_Redeem_Reward -->
