<?xml version="1.0" encoding="UTF-8"?>
<!-- Generated by org.testng.reporters.JUnitReportReporter -->
<testsuite skipped="0" hostname="WIN-DDVK8I1B2BL" name="com.MedPlus.TestCases.TC_wishlist" tests="1" failures="0" timestamp="16 Nov 2019 07:55:04 GMT" time="31.872" errors="0">
  <testcase name="red2" time="31.872" classname="com.MedPlus.TestCases.TC_wishlist"/>
</testsuite> <!-- com.MedPlus.TestCases.TC_wishlist -->
