<?xml version="1.0" encoding="UTF-8"?>
<!-- Generated by org.testng.reporters.JUnitReportReporter -->
<testsuite skipped="0" hostname="WIN-DDVK8I1B2BL" name="com.MedPlus.TestCases.T_healthlife" tests="1" failures="0" timestamp="16 Nov 2019 08:51:26 GMT" time="20.516" errors="0">
  <testcase name="red4" time="20.516" classname="com.MedPlus.TestCases.T_healthlife"/>
</testsuite> <!-- com.MedPlus.TestCases.T_healthlife -->
