<?xml version="1.0" encoding="UTF-8"?>
<!-- Generated by org.testng.reporters.JUnitReportReporter -->
<testsuite skipped="0" hostname="WIN-DDVK8I1B2BL" name="com.MedPlus.TestCases.Login_Test" tests="1" failures="0" timestamp="16 Nov 2019 09:22:20 GMT" time="7.930" errors="0">
  <testcase name="logintest" time="7.930" classname="com.MedPlus.TestCases.Login_Test"/>
</testsuite> <!-- com.MedPlus.TestCases.Login_Test -->
