<?xml version="1.0" encoding="UTF-8"?>
<!-- Generated by org.testng.reporters.JUnitReportReporter -->
<testsuite skipped="0" hostname="RAJ" name="com.MedPlus.TestCases.TC_pharmacyDDT_003" tests="1" failures="0" timestamp="18 Nov 2019 19:13:07 GMT" time="50.184" errors="0">
  <testcase name="pharmacy1" time="50.184" classname="com.MedPlus.TestCases.TC_pharmacyDDT_003"/>
</testsuite> <!-- com.MedPlus.TestCases.TC_pharmacyDDT_003 -->
