<?xml version="1.0" encoding="UTF-8"?>
<!-- Generated by org.testng.reporters.JUnitReportReporter -->
<testsuite skipped="0" hostname="RAJ" name="com.MedPlus.TestCases.TC_Redeem_Reward" tests="1" failures="0" timestamp="18 Nov 2019 19:13:07 GMT" time="45.750" errors="0">
  <testcase name="red" time="45.750" classname="com.MedPlus.TestCases.TC_Redeem_Reward"/>
</testsuite> <!-- com.MedPlus.TestCases.TC_Redeem_Reward -->
